++========================================
||
||   Package:  ./source/5/deps/LibRaw/LibRaw-0.19.5-x86_64-1.txz
||
++========================================
drwxr-xr-x root/root         0 2019-11-10 03:55 ./
drwxr-xr-x root/root         0 2019-11-10 03:55 install/
-rw-r--r-- root/root       380 2019-11-10 03:55 install/doinst.sh
-rw-r--r-- root/root      1037 2019-11-10 03:55 install/slack-desc
drwxr-xr-x root/root         0 2019-11-10 03:55 usr/
drwxr-xr-x root/root         0 2019-11-10 03:55 usr/doc/
drwxr-xr-x root/root         0 2019-11-10 03:55 usr/doc/LibRaw-0.19.5/
-rw-r--r-- root/root      1105 2019-08-20 19:34 usr/doc/LibRaw-0.19.5/COPYRIGHT
-rw-r--r-- root/root     83926 2019-08-20 19:34 usr/doc/LibRaw-0.19.5/Changelog.txt
-rw-r--r-- root/root     16906 2019-08-20 19:34 usr/doc/LibRaw-0.19.5/LICENSE.CDDL
-rw-r--r-- root/root     24389 2019-08-20 19:34 usr/doc/LibRaw-0.19.5/LICENSE.LGPL
-rw-r--r-- root/root      1819 2019-08-20 19:34 usr/doc/LibRaw-0.19.5/README.DNGSDK.txt
-rw-r--r-- root/root      2359 2019-08-20 19:34 usr/doc/LibRaw-0.19.5/README.RawSpeed.txt
-rw-r--r-- root/root       302 2019-08-20 19:34 usr/doc/LibRaw-0.19.5/README.cmake
-rw-r--r-- root/root       829 2019-08-20 19:34 usr/doc/LibRaw-0.19.5/README.demosaic-packs
-rw-r--r-- root/root      1079 2019-08-20 19:34 usr/doc/LibRaw-0.19.5/README.md
drwxr-xr-x root/root         0 2019-11-10 03:55 usr/doc/LibRaw-0.19.5/html/
-rw-r--r-- root/root     10024 2019-08-20 19:34 usr/doc/LibRaw-0.19.5/html/API-C.html
-rw-r--r-- root/root     49964 2019-08-20 19:34 usr/doc/LibRaw-0.19.5/html/API-CXX.html
-rw-r--r-- root/root     61552 2019-08-20 19:34 usr/doc/LibRaw-0.19.5/html/API-datastruct.html
-rw-r--r-- root/root     17476 2019-08-20 19:34 usr/doc/LibRaw-0.19.5/html/API-notes.html
-rw-r--r-- root/root      2795 2019-08-20 19:34 usr/doc/LibRaw-0.19.5/html/API-overview.html
-rw-r--r-- root/root      5508 2019-08-20 19:34 usr/doc/LibRaw-0.19.5/html/Install-LibRaw.html
-rw-r--r-- root/root     10385 2019-08-20 19:34 usr/doc/LibRaw-0.19.5/html/Samples-LibRaw.html
-rw-r--r-- root/root      7289 2019-08-20 19:34 usr/doc/LibRaw-0.19.5/html/Why-LibRaw.html
-rw-r--r-- root/root      2121 2019-08-20 19:34 usr/doc/LibRaw-0.19.5/html/index.html
drwxr-xr-x root/root         0 2019-11-10 03:55 usr/include/
drwxr-xr-x root/root         0 2019-11-10 03:55 usr/include/libraw/
-rw-r--r-- root/root     14552 2019-11-10 03:55 usr/include/libraw/libraw.h
-rw-r--r-- root/root      2402 2019-11-10 03:55 usr/include/libraw/libraw_alloc.h
-rw-r--r-- root/root     10533 2019-11-10 03:55 usr/include/libraw/libraw_const.h
-rw-r--r-- root/root      8733 2019-11-10 03:55 usr/include/libraw/libraw_datastream.h
-rw-r--r-- root/root     10374 2019-11-10 03:55 usr/include/libraw/libraw_internal.h
-rw-r--r-- root/root     20528 2019-11-10 03:55 usr/include/libraw/libraw_types.h
-rw-r--r-- root/root      2312 2019-11-10 03:55 usr/include/libraw/libraw_version.h
drwxr-xr-x root/root         0 2019-11-10 03:55 usr/lib64/
-rwxr-xr-x root/root    921528 2019-11-10 03:55 usr/lib64/libraw.so.19.0.2
-rwxr-xr-x root/root    921528 2019-11-10 03:55 usr/lib64/libraw_r.so.19.0.2
drwxr-xr-x root/root         0 2019-11-10 03:55 usr/lib64/pkgconfig/
-rw-r--r-- root/root       257 2019-11-10 03:55 usr/lib64/pkgconfig/libraw.pc
-rw-r--r-- root/root       255 2019-11-10 03:55 usr/lib64/pkgconfig/libraw_r.pc


